Using pre-set license
Built from '2020.3/release' branch; Version is '2020.3.12f1 (b3b2c6512326) revision 11776710'; Using compiler version '192528614'; Build Type 'Release'
OS: 'Windows 10 Enterprise; OS build 19042.1052; Version 2009; 64bit' Language: 'en' Physical Memory: 16247 MB
BatchMode: 1, IsHumanControllingUs: 0, StartBugReporterOnCrash: 0, Is64bit: 1, IsPro: 0

 COMMAND LINE ARGUMENTS:
C:\Program Files\Unity\Hub\Editor\2020.3.12f1\Editor\Unity.exe
-adb2
-batchMode
-noUpm
-name
AssetImportWorker0
-projectPath
C:/Users/schmi/Documents/GitHub/UntitledRoguelikeGame
-logFile
Logs/AssetImportWorker0.log
-srvPort
63784
Successfully changed project path to: C:/Users/schmi/Documents/GitHub/UntitledRoguelikeGame
C:/Users/schmi/Documents/GitHub/UntitledRoguelikeGame
Using Asset Import Pipeline V2.
Refreshing native plugins compatible for Editor in 33.73 ms, found 3 plugins.
Preloading 0 native plugins for Editor in 0.00 ms.
Initialize engine version: 2020.3.12f1 (b3b2c6512326)
[Subsystems] Discovering subsystems at path C:/Program Files/Unity/Hub/Editor/2020.3.12f1/Editor/Data/Resources/UnitySubsystems
[Subsystems] Discovering subsystems at path C:/Users/schmi/Documents/GitHub/UntitledRoguelikeGame/Assets
GfxDevice: creating device client; threaded=0
Direct3D:
    Version:  Direct3D 11.0 [level 11.1]
    Renderer: NVIDIA GeForce RTX 2070 SUPER (ID=0x1e84)
    Vendor:   
    VRAM:     8011 MB
    Driver:   27.21.14.6611
Initialize mono
Mono path[0] = 'C:/Program Files/Unity/Hub/Editor/2020.3.12f1/Editor/Data/Managed'
Mono path[1] = 'C:/Program Files/Unity/Hub/Editor/2020.3.12f1/Editor/Data/MonoBleedingEdge/lib/mono/unityjit'
Mono config path = 'C:/Program Files/Unity/Hub/Editor/2020.3.12f1/Editor/Data/MonoBleedingEdge/etc'
Using monoOptions --debugger-agent=transport=dt_socket,embedding=1,server=y,suspend=n,address=127.0.0.1:56572
Begin MonoManager ReloadAssembly
Registering precompiled unity dll's ...
Register platform support module: C:/Program Files/Unity/Hub/Editor/2020.3.12f1/Editor/Data/PlaybackEngines/WebGLSupport/UnityEditor.WebGL.Extensions.dll
Register platform support module: C:/Program Files/Unity/Hub/Editor/2020.3.12f1/Editor/Data/PlaybackEngines/WindowsStandaloneSupport/UnityEditor.WindowsStandalone.Extensions.dll
Registered in 0.001681 seconds.
Native extension for WindowsStandalone target not found
Native extension for WebGL target not found
Refreshing native plugins compatible for Editor in 32.37 ms, found 3 plugins.
Preloading 0 native plugins for Editor in 0.00 ms.
Mono: successfully reloaded assembly
- Completed reload, in  1.435 seconds
Platform modules already initialized, skipping
Registering precompiled user dll's ...
Registered in 0.003069 seconds.
Begin MonoManager ReloadAssembly
Native extension for WindowsStandalone target not found
Native extension for WebGL target not found
Refreshing native plugins compatible for Editor in 33.37 ms, found 3 plugins.
Preloading 0 native plugins for Editor in 0.00 ms.
Mono: successfully reloaded assembly
- Completed reload, in  0.907 seconds
Platform modules already initialized, skipping
========================================================================
Worker process is ready to serve import requests
Launched and connected shader compiler UnityShaderCompiler.exe after 0.04 seconds
Refreshing native plugins compatible for Editor in 0.38 ms, found 3 plugins.
Preloading 0 native plugins for Editor in 0.00 ms.
Unloading 2080 Unused Serialized files (Serialized files now loaded: 0)
System memory in use before: 92.7 MB.
System memory in use after: 92.8 MB.

Unloading 28 unused Assets to reduce memory usage. Loaded Objects now: 2518.
Total: 1.843100 ms (FindLiveObjects: 0.167100 ms CreateObjectMapping: 0.074300 ms MarkObjects: 1.549800 ms  DeleteObjects: 0.050600 ms)

AssetImportParameters requested are different than current active one (requested -> active):
  custom:framework-win-MediaFoundation: 216162199b28c13a410421893ffa2e32 -> 
  custom:video-decoder-ogg-theora: a1e56fd34408186e4bbccfd4996cb3dc -> 
  custom:container-muxer-webm: aa71ff27fc2769a1b78a27578f13a17b -> 
  custom:container-demuxer-webm: 4f35f7cbe854078d1ac9338744f61a02 -> 
  custom:container-demuxer-ogg: 62fdf1f143b41e24485cea50d1cbac27 -> 
  custom:video-encoder-webm-vp8: eb34c28f22e8b96e1ab97ce403110664 -> 
  custom:video-decoder-webm-vp8: 9c59270c3fd7afecdb556c50c9e8de78 -> 
  custom:audio-decoder-ogg-vorbis: bf7c407c2cedff20999df2af8eb42d56 -> 
  custom:audio-encoder-webm-vorbis: bf7c407c2cedff20999df2af8eb42d56 -> 
========================================================================
Received Import Request.
  path: Assets/Scenes/Game.unity
  artifactKey: Guid(d5621c021a48d9846bde1a65f634733e) Importer(815301076,1909f56bfc062723c751e8b465ee728b)
Start importing Assets/Scenes/Game.unity using Guid(d5621c021a48d9846bde1a65f634733e) Importer(815301076,1909f56bfc062723c751e8b465ee728b)  -> (artifact id: 'a19c14cb2c7a8b1b5db5ad93774b33de') in 0.014205 seconds 
  Import took 0.016714 seconds .

========================================================================
Received Import Request.
  Time since last request: 0.000165 seconds.
  path: Assets/Scenes
  artifactKey: Guid(d1552e73d83714c4d97778aaf42f6aa4) Importer(815301076,1909f56bfc062723c751e8b465ee728b)
Start importing Assets/Scenes using Guid(d1552e73d83714c4d97778aaf42f6aa4) Importer(815301076,1909f56bfc062723c751e8b465ee728b)  -> (artifact id: 'b5c6a450f349c43595ee64378a0dd263') in 0.004638 seconds 
  Import took 0.007129 seconds .

========================================================================
Received Import Request.
  Time since last request: 10.416500 seconds.
  path: Assets/Scenes/HD.flare
  artifactKey: Guid(7b5f764c0bb301c4baf9c7e72e79f3b0) Importer(815301076,1909f56bfc062723c751e8b465ee728b)
Start importing Assets/Scenes/HD.flare using Guid(7b5f764c0bb301c4baf9c7e72e79f3b0) Importer(815301076,1909f56bfc062723c751e8b465ee728b)  -> (artifact id: '4ee5c0d621bad0132683bc41c113e8fc') in 0.019258 seconds 
  Import took 0.021987 seconds .

========================================================================
Received Import Request.
  Time since last request: 62.739362 seconds.
  path: Assets
  artifactKey: Guid(00000000000000001000000000000000) Importer(815301076,1909f56bfc062723c751e8b465ee728b)
Start importing Assets using Guid(00000000000000001000000000000000) Importer(815301076,1909f56bfc062723c751e8b465ee728b)  -> (artifact id: '42d402b061de3733987d63b9cc3b64de') in 0.005089 seconds 
  Import took 0.007632 seconds .

========================================================================
Received Import Request.
  Time since last request: 10.078601 seconds.
  path: Assets/Sprites
  artifactKey: Guid(82bbb0c575494044ebc6a42ffe47947a) Importer(815301076,1909f56bfc062723c751e8b465ee728b)
Start importing Assets/Sprites using Guid(82bbb0c575494044ebc6a42ffe47947a) Importer(815301076,1909f56bfc062723c751e8b465ee728b)  -> (artifact id: '6144e330e9c7634995b563add0312053') in 0.006202 seconds 
  Import took 0.008623 seconds .

========================================================================
Received Import Request.
  Time since last request: 936.956279 seconds.
  path: Assets/Sprites/spr_default.png
  artifactKey: Guid(8a0621da00aadc04ebd1e5eb7b5ee0f3) Importer(815301076,1909f56bfc062723c751e8b465ee728b)
Start importing Assets/Sprites/spr_default.png using Guid(8a0621da00aadc04ebd1e5eb7b5ee0f3) Importer(815301076,1909f56bfc062723c751e8b465ee728b)  -> (artifact id: '30304d150eb4946208f9e29886ab1bf0') in 0.067805 seconds 
  Import took 0.071289 seconds .

